<?xml version="1.0" encoding="UTF-8"?>
<!-- Generated by org.testng.reporters.JUnitXMLReporter -->
<testsuite ignored="0" hostname="DESKTOP-DBL0MJR" failures="1" tests="5" name="Login" time="7.577" errors="0" timestamp="2019-11-02T12:48:32 IST">
  <testcase classname="testclass.loginTest" name="BlankSubmitLogin" time="4.415"/>
  <testcase classname="testclass.loginTest" name="Login_with_wrong_Email" time="0.484"/>
  <testcase classname="testclass.loginTest" name="Login_with_wrong_Password" time="0.479"/>
  <testcase classname="testclass.loginTest" name="Login_With_Valid_Credentials" time="2.164"/>
  <testcase classname="testclass.loginTest" name="logout" time="0.002">
    <failure type="java.lang.NullPointerException">
      <![CDATA[java.lang.NullPointerException
at org.openqa.selenium.support.ui.ExpectedConditions.elementIfVisible(ExpectedConditions.java:314)
at org.openqa.selenium.support.ui.ExpectedConditions.access$000(ExpectedConditions.java:43)
at org.openqa.selenium.support.ui.ExpectedConditions$10.apply(ExpectedConditions.java:300)
at org.openqa.selenium.support.ui.ExpectedConditions$10.apply(ExpectedConditions.java:297)
at org.openqa.selenium.support.ui.ExpectedConditions$23.apply(ExpectedConditions.java:670)
at org.openqa.selenium.support.ui.ExpectedConditions$23.apply(ExpectedConditions.java:666)
at org.openqa.selenium.support.ui.FluentWait.until(FluentWait.java:249)
at testCases.Login.teardown(Login.java:78)
at testclass.loginTest.logout(loginTest.java:44)
at java.base/java.util.ArrayList.forEach(ArrayList.java:1540)
... Removed 27 stack frames]]>
    </failure>
  </testcase> <!-- logout -->
</testsuite> <!-- Login -->
