<?xml version="1.0" encoding="UTF-8"?>
<!-- Generated by org.testng.reporters.JUnitXMLReporter -->
<testsuite ignored="3" hostname="DESKTOP-DBL0MJR" failures="0" tests="1" name="Test1" time="14.004" errors="0" timestamp="2019-11-02T18:45:56 IST">
  <testcase classname="testclass.loginTest" name="Blank_Submit_Login" time="0.943"/>
  <testcase classname="testclass.loginTest" name="Login_with_wrong_Password" time="0.0">
    <ignored/>
  </testcase> <!-- Login_with_wrong_Password -->
  <testcase classname="testclass.loginTest" name="Login_with_wrong_Email" time="0.0">
    <ignored/>
  </testcase> <!-- Login_with_wrong_Email -->
  <testcase classname="testclass.loginTest" name="Login_With_Valid_Credentials" time="0.0">
    <ignored/>
  </testcase> <!-- Login_With_Valid_Credentials -->
</testsuite> <!-- Test1 -->
