<?xml version="1.0" encoding="UTF-8"?>
<!-- Generated by org.testng.reporters.JUnitXMLReporter -->
<testsuite ignored="6" hostname="MT11-410" failures="0" tests="3" name="Default test" time="51.239" errors="0" timestamp="2020-02-01T16:55:00 IST">
  <testcase classname="testclass.JoinLeagueTest" name="loginToPortal" time="11.974"/>
  <testcase classname="testclass.JoinLeagueTest" name="select_A_Match" time="5.082"/>
  <testcase classname="testclass.JoinLeagueTest" name="join_league_Less_Than_100Member" time="19.054"/>
  <testcase classname="testclass.JoinLeagueTest" name="join_league_More_Than_100_Member" time="0.0">
    <ignored/>
  </testcase> <!-- join_league_More_Than_100_Member -->
  <testcase classname="testclass.JoinLeagueTest" name="Join_Mega_Contest" time="0.0">
    <ignored/>
  </testcase> <!-- Join_Mega_Contest -->
  <testcase classname="testclass.JoinLeagueTest" name="Join_Private_contest" time="0.0">
    <ignored/>
  </testcase> <!-- Join_Private_contest -->
  <testcase classname="testclass.JoinLeagueTest" name="CreatetTeam" time="0.0">
    <ignored/>
  </testcase> <!-- CreatetTeam -->
  <testcase classname="testclass.JoinLeagueTest" name="JoineLeague_Of_6_Teams" time="0.0">
    <ignored/>
  </testcase> <!-- JoineLeague_Of_6_Teams -->
  <testcase classname="testclass.JoinLeagueTest" name="join_league_2_Members" time="0.0">
    <ignored/>
  </testcase> <!-- join_league_2_Members -->
</testsuite> <!-- Default test -->
