<?xml version="1.0" encoding="UTF-8"?>
<!-- Generated by org.testng.reporters.JUnitXMLReporter -->
<testsuite ignored="5" hostname="MT11-410" failures="0" tests="9" name="Default test" time="136.037" errors="0" timestamp="2019-12-27T11:00:37 IST">
  <testcase classname="testclass.JoinLeagueTest" name="loginToPortal" time="10.38"/>
  <testcase classname="testclass.JoinLeagueTest" name="select_A_Match" time="8.915"/>
  <testcase classname="testclass.JoinLeagueTest" name="playerSelection" time="9.331"/>
  <testcase classname="testclass.JoinLeagueTest" name="playerSelection" time="21.919"/>
  <testcase classname="testclass.JoinLeagueTest" name="playerSelection" time="7.173"/>
  <testcase classname="testclass.JoinLeagueTest" name="playerSelection" time="21.805"/>
  <testcase classname="testclass.JoinLeagueTest" name="playerSelection" time="7.156"/>
  <testcase classname="testclass.JoinLeagueTest" name="playerSelection" time="28.759"/>
  <testcase classname="testclass.JoinLeagueTest" name="playerSelection" time="7.151"/>
  <testcase classname="testclass.JoinLeagueTest" name="join_league_More_Than_100_Member" time="0.0">
    <ignored/>
  </testcase> <!-- join_league_More_Than_100_Member -->
  <testcase classname="testclass.JoinLeagueTest" name="join_A_Contest" time="0.0">
    <ignored/>
  </testcase> <!-- join_A_Contest -->
  <testcase classname="testclass.JoinLeagueTest" name="join_league_Less_Than_100Member" time="0.0">
    <ignored/>
  </testcase> <!-- join_league_Less_Than_100Member -->
  <testcase classname="testclass.JoinLeagueTest" name="Join_Private_contest" time="0.0">
    <ignored/>
  </testcase> <!-- Join_Private_contest -->
  <testcase classname="testclass.JoinLeagueTest" name="join_league_2_Members" time="0.0">
    <ignored/>
  </testcase> <!-- join_league_2_Members -->
</testsuite> <!-- Default test -->
