<?xml version="1.0" encoding="UTF-8"?>
<!-- Generated by org.testng.reporters.JUnitXMLReporter -->
<testsuite ignored="6" hostname="MT11-410" failures="1" tests="7" name="Test" time="57.768" errors="0" timestamp="2019-12-26T12:41:30 IST">
  <testcase classname="testclass.loginTest" name="Blank_Submit_Login" time="0.825"/>
  <testcase classname="testclass.loginTest" name="Login_with_wrong_Email" time="0.569"/>
  <testcase classname="testclass.loginTest" name="Login_with_wrong_Password" time="4.47"/>
  <testcase classname="testclass.loginTest" name="Login_With_Valid_Credentials" time="6.722"/>
  <testcase classname="testclass.JoinLeagueTest" name="loginToPortal" time="10.43"/>
  <testcase classname="testclass.JoinLeagueTest" name="select_A_Match" time="8.926"/>
  <testcase classname="testclass.JoinLeagueTest" name="playerSelection" time="0.002">
    <failure type="org.testng.internal.reflect.MethodMatcherException" message="
[public void testclass.JoinLeagueTest.playerSelection(java.lang.String,java.lang.String,java.lang.String,java.lang.String) throws java.lang.Exception] has no parameters defined but was found to be using a data provider (either explicitly specified or inherited from class level annotation).
Data provider mismatch
Method: playerSelection([Parameter{index=0, type=java.lang.String, declaredAnnotations=[]}, Parameter{index=1, type=java.lang.String, declaredAnnotations=[]}, Parameter{index=2, type=java.lang.String, declaredAnnotations=[]}, Parameter{index=3, type=java.lang.String, declaredAnnotations=[]}])
Arguments: [(java.lang.String) ]">
      <![CDATA[org.testng.internal.reflect.MethodMatcherException: 
[public void testclass.JoinLeagueTest.playerSelection(java.lang.String,java.lang.String,java.lang.String,java.lang.String) throws java.lang.Exception] has no parameters defined but was found to be using a data provider (either explicitly specified or inherited from class level annotation).
Data provider mismatch
Method: playerSelection([Parameter{index=0, type=java.lang.String, declaredAnnotations=[]}, Parameter{index=1, type=java.lang.String, declaredAnnotations=[]}, Parameter{index=2, type=java.lang.String, declaredAnnotations=[]}, Parameter{index=3, type=java.lang.String, declaredAnnotations=[]}])
Arguments: [(java.lang.String) ]
at java.base/java.util.ArrayList.forEach(ArrayList.java:1540)
... Removed 22 stack frames]]>
    </failure>
  </testcase> <!-- playerSelection -->
  <testcase classname="testclass.JoinLeagueTest" name="join_league_More_Than_100_Member" time="0.0">
    <ignored/>
  </testcase> <!-- join_league_More_Than_100_Member -->
  <testcase classname="testclass.JoinLeagueTest" name="join_A_Contest" time="0.0">
    <ignored/>
  </testcase> <!-- join_A_Contest -->
  <testcase classname="testclass.JoinLeagueTest" name="join_league_Less_Than_100Member" time="0.0">
    <ignored/>
  </testcase> <!-- join_league_Less_Than_100Member -->
  <testcase classname="testclass.JoinLeagueTest" name="Join_Private_contest" time="0.0">
    <ignored/>
  </testcase> <!-- Join_Private_contest -->
  <testcase classname="testclass.loginTest" name="GoToProfile" time="0.0">
    <ignored/>
  </testcase> <!-- GoToProfile -->
  <testcase classname="testclass.JoinLeagueTest" name="join_league_2_Members" time="0.0">
    <ignored/>
  </testcase> <!-- join_league_2_Members -->
</testsuite> <!-- Test -->
