<?xml version="1.0" encoding="UTF-8"?>
<!-- Generated by org.testng.reporters.JUnitXMLReporter -->
<testsuite ignored="1" hostname="DESKTOP-DBL0MJR" failures="0" tests="348" name="TestLoginSignup" time="0.451" errors="0" timestamp="2019-11-08T12:15:56 IST">
  <testcase classname="testclass.SignupTest" name="@BeforeTest callbrowser" time="0.011">
    <failure type="java.lang.NullPointerException">
      <![CDATA[java.lang.NullPointerException
at testclass.SignupTest.callbrowser(SignupTest.java:31)
... Removed 24 stack frames]]>
    </failure>
  </testcase> <!-- @BeforeTest callbrowser -->
  <testcase classname="testclass.loginTest" name="@BeforeTest callbrowser" time="-1.573195555532E9">
    <skipped/>
  </testcase> <!-- @BeforeTest callbrowser -->
  <testcase classname="testclass.SignupTest" name="@AfterTest Logout" time="-1.57319555596E9">
    <skipped/>
  </testcase> <!-- @AfterTest Logout -->
  <testcase classname="testclass.loginTest" name="@AfterTest Logout" time="-1.57319555596E9">
    <skipped/>
  </testcase> <!-- @AfterTest Logout -->
  <testcase classname="testclass.loginTest" name="Blank_Submit_Login" time="0.0">
    <skipped/>
  </testcase> <!-- Blank_Submit_Login -->
  <testcase classname="testclass.loginTest" name="Login_with_wrong_Email" time="0.0">
    <skipped/>
  </testcase> <!-- Login_with_wrong_Email -->
  <testcase classname="testclass.loginTest" name="Login_with_wrong_Password" time="0.0">
    <skipped/>
  </testcase> <!-- Login_with_wrong_Password -->
  <testcase classname="testclass.loginTest" name="Login_With_Valid_Credentials" time="0.0">
    <skipped/>
  </testcase> <!-- Login_With_Valid_Credentials -->
  <testcase classname="testclass.loginTest" name="GoToProfile" time="0.0">
    <skipped/>
  </testcase> <!-- GoToProfile -->
  <testcase classname="testclass.SignupTest" name="Registration" time="0.0">
    <skipped/>
  </testcase> <!-- Registration -->
  <testcase classname="testclass.SignupTest" name="Registration" time="0.0">
    <skipped/>
  </testcase> <!-- Registration -->
  <testcase classname="testclass.SignupTest" name="Registration" time="0.0">
    <skipped/>
  </testcase> <!-- Registration -->
  <testcase classname="testclass.SignupTest" name="Registration" time="0.0">
    <skipped/>
  </testcase> <!-- Registration -->
  <testcase classname="testclass.SignupTest" name="Registration" time="0.0">
    <skipped/>
  </testcase> <!-- Registration -->
  <testcase classname="testclass.SignupTest" name="Registration" time="0.0">
    <skipped/>
  </testcase> <!-- Registration -->
  <testcase classname="testclass.SignupTest" name="Registration" time="0.0">
    <skipped/>
  </testcase> <!-- Registration -->
  <testcase classname="testclass.SignupTest" name="Registration" time="0.0">
    <skipped/>
  </testcase> <!-- Registration -->
  <testcase classname="testclass.SignupTest" name="Registration" time="0.0">
    <skipped/>
  </testcase> <!-- Registration -->
  <testcase classname="testclass.SignupTest" name="Registration" time="0.0">
    <skipped/>
  </testcase> <!-- Registration -->
  <testcase classname="testclass.SignupTest" name="Registration" time="0.0">
    <skipped/>
  </testcase> <!-- Registration -->
  <testcase classname="testclass.SignupTest" name="Registration" time="0.0">
    <skipped/>
  </testcase> <!-- Registration -->
  <testcase classname="testclass.SignupTest" name="Registration" time="0.0">
    <skipped/>
  </testcase> <!-- Registration -->
  <testcase classname="testclass.SignupTest" name="Registration" time="0.0">
    <skipped/>
  </testcase> <!-- Registration -->
  <testcase classname="testclass.SignupTest" name="Registration" time="0.0">
    <skipped/>
  </testcase> <!-- Registration -->
  <testcase classname="testclass.SignupTest" name="Registration" time="0.0">
    <skipped/>
  </testcase> <!-- Registration -->
  <testcase classname="testclass.SignupTest" name="Registration" time="0.0">
    <skipped/>
  </testcase> <!-- Registration -->
  <testcase classname="testclass.SignupTest" name="Registration" time="0.0">
    <skipped/>
  </testcase> <!-- Registration -->
  <testcase classname="testclass.SignupTest" name="Registration" time="0.0">
    <skipped/>
  </testcase> <!-- Registration -->
  <testcase classname="testclass.SignupTest" name="Registration" time="0.0">
    <skipped/>
  </testcase> <!-- Registration -->
  <testcase classname="testclass.SignupTest" name="Registration" time="0.0">
    <skipped/>
  </testcase> <!-- Registration -->
  <testcase classname="testclass.SignupTest" name="Registration" time="0.0">
    <skipped/>
  </testcase> <!-- Registration -->
  <testcase classname="testclass.SignupTest" name="Registration" time="0.0">
    <skipped/>
  </testcase> <!-- Registration -->
  <testcase classname="testclass.SignupTest" name="Registration" time="0.0">
    <skipped/>
  </testcase> <!-- Registration -->
  <testcase classname="testclass.SignupTest" name="Registration" time="0.0">
    <skipped/>
  </testcase> <!-- Registration -->
  <testcase classname="testclass.SignupTest" name="Registration" time="0.0">
    <skipped/>
  </testcase> <!-- Registration -->
  <testcase classname="testclass.SignupTest" name="Registration" time="0.0">
    <skipped/>
  </testcase> <!-- Registration -->
  <testcase classname="testclass.SignupTest" name="Registration" time="0.0">
    <skipped/>
  </testcase> <!-- Registration -->
  <testcase classname="testclass.SignupTest" name="Registration" time="0.0">
    <skipped/>
  </testcase> <!-- Registration -->
  <testcase classname="testclass.SignupTest" name="Registration" time="0.0">
    <skipped/>
  </testcase> <!-- Registration -->
  <testcase classname="testclass.SignupTest" name="Registration" time="0.0">
    <skipped/>
  </testcase> <!-- Registration -->
  <testcase classname="testclass.SignupTest" name="Registration" time="0.0">
    <skipped/>
  </testcase> <!-- Registration -->
  <testcase classname="testclass.SignupTest" name="Registration" time="0.0">
    <skipped/>
  </testcase> <!-- Registration -->
  <testcase classname="testclass.SignupTest" name="Registration" time="0.0">
    <skipped/>
  </testcase> <!-- Registration -->
  <testcase classname="testclass.SignupTest" name="Registration" time="0.0">
    <skipped/>
  </testcase> <!-- Registration -->
  <testcase classname="testclass.SignupTest" name="Registration" time="0.0">
    <skipped/>
  </testcase> <!-- Registration -->
  <testcase classname="testclass.SignupTest" name="Registration" time="0.0">
    <skipped/>
  </testcase> <!-- Registration -->
  <testcase classname="testclass.SignupTest" name="Registration" time="0.0">
    <skipped/>
  </testcase> <!-- Registration -->
  <testcase classname="testclass.SignupTest" name="Registration" time="0.0">
    <skipped/>
  </testcase> <!-- Registration -->
  <testcase classname="testclass.SignupTest" name="Registration" time="0.0">
    <skipped/>
  </testcase> <!-- Registration -->
  <testcase classname="testclass.SignupTest" name="Registration" time="0.0">
    <skipped/>
  </testcase> <!-- Registration -->
  <testcase classname="testclass.SignupTest" name="Registration" time="0.0">
    <skipped/>
  </testcase> <!-- Registration -->
  <testcase classname="testclass.SignupTest" name="Registration" time="0.0">
    <skipped/>
  </testcase> <!-- Registration -->
  <testcase classname="testclass.SignupTest" name="Registration" time="0.0">
    <skipped/>
  </testcase> <!-- Registration -->
  <testcase classname="testclass.SignupTest" name="Registration" time="0.0">
    <skipped/>
  </testcase> <!-- Registration -->
  <testcase classname="testclass.SignupTest" name="Registration" time="0.0">
    <skipped/>
  </testcase> <!-- Registration -->
  <testcase classname="testclass.SignupTest" name="Registration" time="0.0">
    <skipped/>
  </testcase> <!-- Registration -->
  <testcase classname="testclass.SignupTest" name="Registration" time="0.0">
    <skipped/>
  </testcase> <!-- Registration -->
  <testcase classname="testclass.SignupTest" name="Registration" time="0.0">
    <skipped/>
  </testcase> <!-- Registration -->
  <testcase classname="testclass.SignupTest" name="Registration" time="0.0">
    <skipped/>
  </testcase> <!-- Registration -->
  <testcase classname="testclass.SignupTest" name="Registration" time="0.0">
    <skipped/>
  </testcase> <!-- Registration -->
  <testcase classname="testclass.SignupTest" name="Registration" time="0.0">
    <skipped/>
  </testcase> <!-- Registration -->
  <testcase classname="testclass.SignupTest" name="Registration" time="0.0">
    <skipped/>
  </testcase> <!-- Registration -->
  <testcase classname="testclass.SignupTest" name="Registration" time="0.0">
    <skipped/>
  </testcase> <!-- Registration -->
  <testcase classname="testclass.SignupTest" name="Registration" time="0.0">
    <skipped/>
  </testcase> <!-- Registration -->
  <testcase classname="testclass.SignupTest" name="Registration" time="0.0">
    <skipped/>
  </testcase> <!-- Registration -->
  <testcase classname="testclass.SignupTest" name="Registration" time="0.0">
    <skipped/>
  </testcase> <!-- Registration -->
  <testcase classname="testclass.SignupTest" name="Registration" time="0.0">
    <skipped/>
  </testcase> <!-- Registration -->
  <testcase classname="testclass.SignupTest" name="Registration" time="0.0">
    <skipped/>
  </testcase> <!-- Registration -->
  <testcase classname="testclass.SignupTest" name="Registration" time="0.0">
    <skipped/>
  </testcase> <!-- Registration -->
  <testcase classname="testclass.SignupTest" name="Registration" time="0.0">
    <skipped/>
  </testcase> <!-- Registration -->
  <testcase classname="testclass.SignupTest" name="Registration" time="0.0">
    <skipped/>
  </testcase> <!-- Registration -->
  <testcase classname="testclass.SignupTest" name="Registration" time="0.0">
    <skipped/>
  </testcase> <!-- Registration -->
  <testcase classname="testclass.SignupTest" name="Registration" time="0.0">
    <skipped/>
  </testcase> <!-- Registration -->
  <testcase classname="testclass.SignupTest" name="Registration" time="0.0">
    <skipped/>
  </testcase> <!-- Registration -->
  <testcase classname="testclass.SignupTest" name="Registration" time="0.0">
    <skipped/>
  </testcase> <!-- Registration -->
  <testcase classname="testclass.SignupTest" name="Registration" time="0.0">
    <skipped/>
  </testcase> <!-- Registration -->
  <testcase classname="testclass.SignupTest" name="Registration" time="0.0">
    <skipped/>
  </testcase> <!-- Registration -->
  <testcase classname="testclass.SignupTest" name="Registration" time="0.0">
    <skipped/>
  </testcase> <!-- Registration -->
  <testcase classname="testclass.SignupTest" name="Registration" time="0.0">
    <skipped/>
  </testcase> <!-- Registration -->
  <testcase classname="testclass.SignupTest" name="Registration" time="0.0">
    <skipped/>
  </testcase> <!-- Registration -->
  <testcase classname="testclass.SignupTest" name="Registration" time="0.0">
    <skipped/>
  </testcase> <!-- Registration -->
  <testcase classname="testclass.SignupTest" name="Registration" time="0.0">
    <skipped/>
  </testcase> <!-- Registration -->
  <testcase classname="testclass.SignupTest" name="Registration" time="0.0">
    <skipped/>
  </testcase> <!-- Registration -->
  <testcase classname="testclass.SignupTest" name="Registration" time="0.0">
    <skipped/>
  </testcase> <!-- Registration -->
  <testcase classname="testclass.SignupTest" name="Registration" time="0.0">
    <skipped/>
  </testcase> <!-- Registration -->
  <testcase classname="testclass.SignupTest" name="Registration" time="0.0">
    <skipped/>
  </testcase> <!-- Registration -->
  <testcase classname="testclass.SignupTest" name="Registration" time="0.0">
    <skipped/>
  </testcase> <!-- Registration -->
  <testcase classname="testclass.SignupTest" name="Registration" time="0.0">
    <skipped/>
  </testcase> <!-- Registration -->
  <testcase classname="testclass.SignupTest" name="Registration" time="0.0">
    <skipped/>
  </testcase> <!-- Registration -->
  <testcase classname="testclass.SignupTest" name="Registration" time="0.0">
    <skipped/>
  </testcase> <!-- Registration -->
  <testcase classname="testclass.SignupTest" name="Registration" time="0.0">
    <skipped/>
  </testcase> <!-- Registration -->
  <testcase classname="testclass.SignupTest" name="Registration" time="0.0">
    <skipped/>
  </testcase> <!-- Registration -->
  <testcase classname="testclass.SignupTest" name="Registration" time="0.0">
    <skipped/>
  </testcase> <!-- Registration -->
  <testcase classname="testclass.SignupTest" name="Registration" time="0.0">
    <skipped/>
  </testcase> <!-- Registration -->
  <testcase classname="testclass.SignupTest" name="Registration" time="0.0">
    <skipped/>
  </testcase> <!-- Registration -->
  <testcase classname="testclass.SignupTest" name="Registration" time="0.0">
    <skipped/>
  </testcase> <!-- Registration -->
  <testcase classname="testclass.SignupTest" name="Registration" time="0.0">
    <skipped/>
  </testcase> <!-- Registration -->
  <testcase classname="testclass.SignupTest" name="Registration" time="0.0">
    <skipped/>
  </testcase> <!-- Registration -->
  <testcase classname="testclass.SignupTest" name="Registration" time="0.0">
    <skipped/>
  </testcase> <!-- Registration -->
  <testcase classname="testclass.SignupTest" name="Registration" time="0.0">
    <skipped/>
  </testcase> <!-- Registration -->
  <testcase classname="testclass.SignupTest" name="Registration" time="0.0">
    <skipped/>
  </testcase> <!-- Registration -->
  <testcase classname="testclass.SignupTest" name="Registration" time="0.0">
    <skipped/>
  </testcase> <!-- Registration -->
  <testcase classname="testclass.SignupTest" name="Registration" time="0.0">
    <skipped/>
  </testcase> <!-- Registration -->
  <testcase classname="testclass.SignupTest" name="Registration" time="0.0">
    <skipped/>
  </testcase> <!-- Registration -->
  <testcase classname="testclass.SignupTest" name="Registration" time="0.0">
    <skipped/>
  </testcase> <!-- Registration -->
  <testcase classname="testclass.SignupTest" name="Registration" time="0.0">
    <skipped/>
  </testcase> <!-- Registration -->
  <testcase classname="testclass.SignupTest" name="Registration" time="0.0">
    <skipped/>
  </testcase> <!-- Registration -->
  <testcase classname="testclass.SignupTest" name="Registration" time="0.0">
    <skipped/>
  </testcase> <!-- Registration -->
  <testcase classname="testclass.SignupTest" name="Registration" time="0.0">
    <skipped/>
  </testcase> <!-- Registration -->
  <testcase classname="testclass.SignupTest" name="Registration" time="0.0">
    <skipped/>
  </testcase> <!-- Registration -->
  <testcase classname="testclass.SignupTest" name="Registration" time="0.0">
    <skipped/>
  </testcase> <!-- Registration -->
  <testcase classname="testclass.SignupTest" name="Registration" time="0.0">
    <skipped/>
  </testcase> <!-- Registration -->
  <testcase classname="testclass.SignupTest" name="Registration" time="0.0">
    <skipped/>
  </testcase> <!-- Registration -->
  <testcase classname="testclass.SignupTest" name="Registration" time="0.0">
    <skipped/>
  </testcase> <!-- Registration -->
  <testcase classname="testclass.SignupTest" name="Registration" time="0.0">
    <skipped/>
  </testcase> <!-- Registration -->
  <testcase classname="testclass.SignupTest" name="Registration" time="0.0">
    <skipped/>
  </testcase> <!-- Registration -->
  <testcase classname="testclass.SignupTest" name="Registration" time="0.0">
    <skipped/>
  </testcase> <!-- Registration -->
  <testcase classname="testclass.SignupTest" name="Registration" time="0.0">
    <skipped/>
  </testcase> <!-- Registration -->
  <testcase classname="testclass.SignupTest" name="Registration" time="0.0">
    <skipped/>
  </testcase> <!-- Registration -->
  <testcase classname="testclass.SignupTest" name="Registration" time="0.0">
    <skipped/>
  </testcase> <!-- Registration -->
  <testcase classname="testclass.SignupTest" name="Registration" time="0.0">
    <skipped/>
  </testcase> <!-- Registration -->
  <testcase classname="testclass.SignupTest" name="Registration" time="0.0">
    <skipped/>
  </testcase> <!-- Registration -->
  <testcase classname="testclass.SignupTest" name="Registration" time="0.0">
    <skipped/>
  </testcase> <!-- Registration -->
  <testcase classname="testclass.SignupTest" name="Enter_OTP" time="0.0">
    <skipped/>
  </testcase> <!-- Enter_OTP -->
  <testcase classname="testclass.SignupTest" name="Enter_OTP" time="0.0">
    <skipped/>
  </testcase> <!-- Enter_OTP -->
  <testcase classname="testclass.SignupTest" name="Enter_OTP" time="0.0">
    <skipped/>
  </testcase> <!-- Enter_OTP -->
  <testcase classname="testclass.SignupTest" name="Enter_OTP" time="0.0">
    <skipped/>
  </testcase> <!-- Enter_OTP -->
  <testcase classname="testclass.SignupTest" name="Enter_OTP" time="0.0">
    <skipped/>
  </testcase> <!-- Enter_OTP -->
  <testcase classname="testclass.SignupTest" name="Enter_OTP" time="0.0">
    <skipped/>
  </testcase> <!-- Enter_OTP -->
  <testcase classname="testclass.SignupTest" name="Enter_OTP" time="0.0">
    <skipped/>
  </testcase> <!-- Enter_OTP -->
  <testcase classname="testclass.SignupTest" name="Enter_OTP" time="0.0">
    <skipped/>
  </testcase> <!-- Enter_OTP -->
  <testcase classname="testclass.SignupTest" name="Enter_OTP" time="0.0">
    <skipped/>
  </testcase> <!-- Enter_OTP -->
  <testcase classname="testclass.SignupTest" name="Enter_OTP" time="0.0">
    <skipped/>
  </testcase> <!-- Enter_OTP -->
  <testcase classname="testclass.SignupTest" name="Enter_OTP" time="0.0">
    <skipped/>
  </testcase> <!-- Enter_OTP -->
  <testcase classname="testclass.SignupTest" name="Enter_OTP" time="0.0">
    <skipped/>
  </testcase> <!-- Enter_OTP -->
  <testcase classname="testclass.SignupTest" name="Enter_OTP" time="0.0">
    <skipped/>
  </testcase> <!-- Enter_OTP -->
  <testcase classname="testclass.SignupTest" name="Enter_OTP" time="0.0">
    <skipped/>
  </testcase> <!-- Enter_OTP -->
  <testcase classname="testclass.SignupTest" name="Enter_OTP" time="0.0">
    <skipped/>
  </testcase> <!-- Enter_OTP -->
  <testcase classname="testclass.SignupTest" name="Enter_OTP" time="0.0">
    <skipped/>
  </testcase> <!-- Enter_OTP -->
  <testcase classname="testclass.SignupTest" name="Enter_OTP" time="0.0">
    <skipped/>
  </testcase> <!-- Enter_OTP -->
  <testcase classname="testclass.SignupTest" name="Enter_OTP" time="0.0">
    <skipped/>
  </testcase> <!-- Enter_OTP -->
  <testcase classname="testclass.SignupTest" name="Enter_OTP" time="0.0">
    <skipped/>
  </testcase> <!-- Enter_OTP -->
  <testcase classname="testclass.SignupTest" name="Enter_OTP" time="0.0">
    <skipped/>
  </testcase> <!-- Enter_OTP -->
  <testcase classname="testclass.SignupTest" name="Enter_OTP" time="0.0">
    <skipped/>
  </testcase> <!-- Enter_OTP -->
  <testcase classname="testclass.SignupTest" name="Enter_OTP" time="0.0">
    <skipped/>
  </testcase> <!-- Enter_OTP -->
  <testcase classname="testclass.SignupTest" name="Enter_OTP" time="0.0">
    <skipped/>
  </testcase> <!-- Enter_OTP -->
  <testcase classname="testclass.SignupTest" name="Enter_OTP" time="0.0">
    <skipped/>
  </testcase> <!-- Enter_OTP -->
  <testcase classname="testclass.SignupTest" name="Enter_OTP" time="0.0">
    <skipped/>
  </testcase> <!-- Enter_OTP -->
  <testcase classname="testclass.SignupTest" name="Enter_OTP" time="0.0">
    <skipped/>
  </testcase> <!-- Enter_OTP -->
  <testcase classname="testclass.SignupTest" name="Enter_OTP" time="0.0">
    <skipped/>
  </testcase> <!-- Enter_OTP -->
  <testcase classname="testclass.SignupTest" name="Enter_OTP" time="0.0">
    <skipped/>
  </testcase> <!-- Enter_OTP -->
  <testcase classname="testclass.SignupTest" name="Enter_OTP" time="0.0">
    <skipped/>
  </testcase> <!-- Enter_OTP -->
  <testcase classname="testclass.SignupTest" name="Enter_OTP" time="0.0">
    <skipped/>
  </testcase> <!-- Enter_OTP -->
  <testcase classname="testclass.SignupTest" name="Enter_OTP" time="0.0">
    <skipped/>
  </testcase> <!-- Enter_OTP -->
  <testcase classname="testclass.SignupTest" name="Enter_OTP" time="0.0">
    <skipped/>
  </testcase> <!-- Enter_OTP -->
  <testcase classname="testclass.SignupTest" name="Enter_OTP" time="0.0">
    <skipped/>
  </testcase> <!-- Enter_OTP -->
  <testcase classname="testclass.SignupTest" name="Enter_OTP" time="0.0">
    <skipped/>
  </testcase> <!-- Enter_OTP -->
  <testcase classname="testclass.SignupTest" name="Enter_OTP" time="0.0">
    <skipped/>
  </testcase> <!-- Enter_OTP -->
  <testcase classname="testclass.SignupTest" name="Enter_OTP" time="0.0">
    <skipped/>
  </testcase> <!-- Enter_OTP -->
  <testcase classname="testclass.SignupTest" name="Enter_OTP" time="0.0">
    <skipped/>
  </testcase> <!-- Enter_OTP -->
  <testcase classname="testclass.SignupTest" name="Enter_OTP" time="0.0">
    <skipped/>
  </testcase> <!-- Enter_OTP -->
  <testcase classname="testclass.SignupTest" name="Enter_OTP" time="0.0">
    <skipped/>
  </testcase> <!-- Enter_OTP -->
  <testcase classname="testclass.SignupTest" name="Enter_OTP" time="0.0">
    <skipped/>
  </testcase> <!-- Enter_OTP -->
  <testcase classname="testclass.SignupTest" name="Enter_OTP" time="0.0">
    <skipped/>
  </testcase> <!-- Enter_OTP -->
  <testcase classname="testclass.SignupTest" name="Enter_OTP" time="0.0">
    <skipped/>
  </testcase> <!-- Enter_OTP -->
  <testcase classname="testclass.SignupTest" name="Enter_OTP" time="0.0">
    <skipped/>
  </testcase> <!-- Enter_OTP -->
  <testcase classname="testclass.SignupTest" name="Enter_OTP" time="0.0">
    <skipped/>
  </testcase> <!-- Enter_OTP -->
  <testcase classname="testclass.SignupTest" name="Enter_OTP" time="0.0">
    <skipped/>
  </testcase> <!-- Enter_OTP -->
  <testcase classname="testclass.SignupTest" name="Enter_OTP" time="0.0">
    <skipped/>
  </testcase> <!-- Enter_OTP -->
  <testcase classname="testclass.SignupTest" name="Enter_OTP" time="0.0">
    <skipped/>
  </testcase> <!-- Enter_OTP -->
  <testcase classname="testclass.SignupTest" name="Enter_OTP" time="0.0">
    <skipped/>
  </testcase> <!-- Enter_OTP -->
  <testcase classname="testclass.SignupTest" name="Enter_OTP" time="0.0">
    <skipped/>
  </testcase> <!-- Enter_OTP -->
  <testcase classname="testclass.SignupTest" name="Enter_OTP" time="0.0">
    <skipped/>
  </testcase> <!-- Enter_OTP -->
  <testcase classname="testclass.SignupTest" name="Enter_OTP" time="0.0">
    <skipped/>
  </testcase> <!-- Enter_OTP -->
  <testcase classname="testclass.SignupTest" name="Enter_OTP" time="0.0">
    <skipped/>
  </testcase> <!-- Enter_OTP -->
  <testcase classname="testclass.SignupTest" name="Enter_OTP" time="0.0">
    <skipped/>
  </testcase> <!-- Enter_OTP -->
  <testcase classname="testclass.SignupTest" name="Enter_OTP" time="0.0">
    <skipped/>
  </testcase> <!-- Enter_OTP -->
  <testcase classname="testclass.SignupTest" name="Enter_OTP" time="0.0">
    <skipped/>
  </testcase> <!-- Enter_OTP -->
  <testcase classname="testclass.SignupTest" name="Enter_OTP" time="0.0">
    <skipped/>
  </testcase> <!-- Enter_OTP -->
  <testcase classname="testclass.SignupTest" name="Enter_OTP" time="0.0">
    <skipped/>
  </testcase> <!-- Enter_OTP -->
  <testcase classname="testclass.SignupTest" name="Enter_OTP" time="0.0">
    <skipped/>
  </testcase> <!-- Enter_OTP -->
  <testcase classname="testclass.SignupTest" name="Enter_OTP" time="0.0">
    <skipped/>
  </testcase> <!-- Enter_OTP -->
  <testcase classname="testclass.SignupTest" name="Enter_OTP" time="0.0">
    <skipped/>
  </testcase> <!-- Enter_OTP -->
  <testcase classname="testclass.SignupTest" name="Enter_OTP" time="0.0">
    <skipped/>
  </testcase> <!-- Enter_OTP -->
  <testcase classname="testclass.SignupTest" name="Enter_OTP" time="0.0">
    <skipped/>
  </testcase> <!-- Enter_OTP -->
  <testcase classname="testclass.SignupTest" name="Enter_OTP" time="0.0">
    <skipped/>
  </testcase> <!-- Enter_OTP -->
  <testcase classname="testclass.SignupTest" name="Enter_OTP" time="0.0">
    <skipped/>
  </testcase> <!-- Enter_OTP -->
  <testcase classname="testclass.SignupTest" name="Enter_OTP" time="0.0">
    <skipped/>
  </testcase> <!-- Enter_OTP -->
  <testcase classname="testclass.SignupTest" name="Enter_OTP" time="0.0">
    <skipped/>
  </testcase> <!-- Enter_OTP -->
  <testcase classname="testclass.SignupTest" name="Enter_OTP" time="0.0">
    <skipped/>
  </testcase> <!-- Enter_OTP -->
  <testcase classname="testclass.SignupTest" name="Enter_OTP" time="0.0">
    <skipped/>
  </testcase> <!-- Enter_OTP -->
  <testcase classname="testclass.SignupTest" name="Enter_OTP" time="0.0">
    <skipped/>
  </testcase> <!-- Enter_OTP -->
  <testcase classname="testclass.SignupTest" name="Enter_OTP" time="0.0">
    <skipped/>
  </testcase> <!-- Enter_OTP -->
  <testcase classname="testclass.SignupTest" name="Enter_OTP" time="0.0">
    <skipped/>
  </testcase> <!-- Enter_OTP -->
  <testcase classname="testclass.SignupTest" name="Enter_OTP" time="0.0">
    <skipped/>
  </testcase> <!-- Enter_OTP -->
  <testcase classname="testclass.SignupTest" name="Enter_OTP" time="0.0">
    <skipped/>
  </testcase> <!-- Enter_OTP -->
  <testcase classname="testclass.SignupTest" name="Enter_OTP" time="0.0">
    <skipped/>
  </testcase> <!-- Enter_OTP -->
  <testcase classname="testclass.SignupTest" name="Enter_OTP" time="0.0">
    <skipped/>
  </testcase> <!-- Enter_OTP -->
  <testcase classname="testclass.SignupTest" name="Enter_OTP" time="0.0">
    <skipped/>
  </testcase> <!-- Enter_OTP -->
  <testcase classname="testclass.SignupTest" name="Enter_OTP" time="0.0">
    <skipped/>
  </testcase> <!-- Enter_OTP -->
  <testcase classname="testclass.SignupTest" name="Enter_OTP" time="0.0">
    <skipped/>
  </testcase> <!-- Enter_OTP -->
  <testcase classname="testclass.SignupTest" name="Enter_OTP" time="0.0">
    <skipped/>
  </testcase> <!-- Enter_OTP -->
  <testcase classname="testclass.SignupTest" name="Enter_OTP" time="0.0">
    <skipped/>
  </testcase> <!-- Enter_OTP -->
  <testcase classname="testclass.SignupTest" name="Enter_OTP" time="0.0">
    <skipped/>
  </testcase> <!-- Enter_OTP -->
  <testcase classname="testclass.SignupTest" name="Enter_OTP" time="0.0">
    <skipped/>
  </testcase> <!-- Enter_OTP -->
  <testcase classname="testclass.SignupTest" name="Enter_OTP" time="0.0">
    <skipped/>
  </testcase> <!-- Enter_OTP -->
  <testcase classname="testclass.SignupTest" name="Enter_OTP" time="0.0">
    <skipped/>
  </testcase> <!-- Enter_OTP -->
  <testcase classname="testclass.SignupTest" name="Enter_OTP" time="0.0">
    <skipped/>
  </testcase> <!-- Enter_OTP -->
  <testcase classname="testclass.SignupTest" name="Enter_OTP" time="0.0">
    <skipped/>
  </testcase> <!-- Enter_OTP -->
  <testcase classname="testclass.SignupTest" name="Enter_OTP" time="0.0">
    <skipped/>
  </testcase> <!-- Enter_OTP -->
  <testcase classname="testclass.SignupTest" name="Enter_OTP" time="0.0">
    <skipped/>
  </testcase> <!-- Enter_OTP -->
  <testcase classname="testclass.SignupTest" name="Enter_OTP" time="0.0">
    <skipped/>
  </testcase> <!-- Enter_OTP -->
  <testcase classname="testclass.SignupTest" name="Enter_OTP" time="0.0">
    <skipped/>
  </testcase> <!-- Enter_OTP -->
  <testcase classname="testclass.SignupTest" name="Enter_OTP" time="0.0">
    <skipped/>
  </testcase> <!-- Enter_OTP -->
  <testcase classname="testclass.SignupTest" name="Enter_OTP" time="0.0">
    <skipped/>
  </testcase> <!-- Enter_OTP -->
  <testcase classname="testclass.SignupTest" name="Enter_OTP" time="0.0">
    <skipped/>
  </testcase> <!-- Enter_OTP -->
  <testcase classname="testclass.SignupTest" name="Enter_OTP" time="0.0">
    <skipped/>
  </testcase> <!-- Enter_OTP -->
  <testcase classname="testclass.SignupTest" name="Enter_OTP" time="0.0">
    <skipped/>
  </testcase> <!-- Enter_OTP -->
  <testcase classname="testclass.SignupTest" name="Enter_OTP" time="0.0">
    <skipped/>
  </testcase> <!-- Enter_OTP -->
  <testcase classname="testclass.SignupTest" name="Enter_OTP" time="0.0">
    <skipped/>
  </testcase> <!-- Enter_OTP -->
  <testcase classname="testclass.SignupTest" name="Enter_OTP" time="0.0">
    <skipped/>
  </testcase> <!-- Enter_OTP -->
  <testcase classname="testclass.SignupTest" name="Enter_OTP" time="0.0">
    <skipped/>
  </testcase> <!-- Enter_OTP -->
  <testcase classname="testclass.SignupTest" name="Enter_OTP" time="0.0">
    <skipped/>
  </testcase> <!-- Enter_OTP -->
  <testcase classname="testclass.SignupTest" name="Enter_OTP" time="0.0">
    <skipped/>
  </testcase> <!-- Enter_OTP -->
  <testcase classname="testclass.SignupTest" name="Enter_OTP" time="0.0">
    <skipped/>
  </testcase> <!-- Enter_OTP -->
  <testcase classname="testclass.SignupTest" name="Enter_OTP" time="0.0">
    <skipped/>
  </testcase> <!-- Enter_OTP -->
  <testcase classname="testclass.SignupTest" name="Enter_OTP" time="0.0">
    <skipped/>
  </testcase> <!-- Enter_OTP -->
  <testcase classname="testclass.SignupTest" name="Enter_OTP" time="0.0">
    <skipped/>
  </testcase> <!-- Enter_OTP -->
  <testcase classname="testclass.SignupTest" name="Enter_OTP" time="0.0">
    <skipped/>
  </testcase> <!-- Enter_OTP -->
  <testcase classname="testclass.SignupTest" name="Enter_OTP" time="0.0">
    <skipped/>
  </testcase> <!-- Enter_OTP -->
  <testcase classname="testclass.SignupTest" name="Enter_OTP" time="0.0">
    <skipped/>
  </testcase> <!-- Enter_OTP -->
  <testcase classname="testclass.SignupTest" name="Enter_OTP" time="0.0">
    <skipped/>
  </testcase> <!-- Enter_OTP -->
  <testcase classname="testclass.SignupTest" name="Enter_OTP" time="0.0">
    <skipped/>
  </testcase> <!-- Enter_OTP -->
  <testcase classname="testclass.SignupTest" name="Enter_OTP" time="0.0">
    <skipped/>
  </testcase> <!-- Enter_OTP -->
  <testcase classname="testclass.SignupTest" name="Enter_OTP" time="0.0">
    <skipped/>
  </testcase> <!-- Enter_OTP -->
  <testcase classname="testclass.SignupTest" name="Enter_OTP" time="0.0">
    <skipped/>
  </testcase> <!-- Enter_OTP -->
  <testcase classname="testclass.SignupTest" name="Enter_OTP" time="0.0">
    <skipped/>
  </testcase> <!-- Enter_OTP -->
  <testcase classname="testclass.SignupTest" name="Almostdonescreen" time="0.0">
    <skipped/>
  </testcase> <!-- Almostdonescreen -->
  <testcase classname="testclass.SignupTest" name="Almostdonescreen" time="0.0">
    <skipped/>
  </testcase> <!-- Almostdonescreen -->
  <testcase classname="testclass.SignupTest" name="Almostdonescreen" time="0.0">
    <skipped/>
  </testcase> <!-- Almostdonescreen -->
  <testcase classname="testclass.SignupTest" name="Almostdonescreen" time="0.0">
    <skipped/>
  </testcase> <!-- Almostdonescreen -->
  <testcase classname="testclass.SignupTest" name="Almostdonescreen" time="0.0">
    <skipped/>
  </testcase> <!-- Almostdonescreen -->
  <testcase classname="testclass.SignupTest" name="Almostdonescreen" time="0.0">
    <skipped/>
  </testcase> <!-- Almostdonescreen -->
  <testcase classname="testclass.SignupTest" name="Almostdonescreen" time="0.0">
    <skipped/>
  </testcase> <!-- Almostdonescreen -->
  <testcase classname="testclass.SignupTest" name="Almostdonescreen" time="0.0">
    <skipped/>
  </testcase> <!-- Almostdonescreen -->
  <testcase classname="testclass.SignupTest" name="Almostdonescreen" time="0.0">
    <skipped/>
  </testcase> <!-- Almostdonescreen -->
  <testcase classname="testclass.SignupTest" name="Almostdonescreen" time="0.0">
    <skipped/>
  </testcase> <!-- Almostdonescreen -->
  <testcase classname="testclass.SignupTest" name="Almostdonescreen" time="0.0">
    <skipped/>
  </testcase> <!-- Almostdonescreen -->
  <testcase classname="testclass.SignupTest" name="Almostdonescreen" time="0.0">
    <skipped/>
  </testcase> <!-- Almostdonescreen -->
  <testcase classname="testclass.SignupTest" name="Almostdonescreen" time="0.0">
    <skipped/>
  </testcase> <!-- Almostdonescreen -->
  <testcase classname="testclass.SignupTest" name="Almostdonescreen" time="0.0">
    <skipped/>
  </testcase> <!-- Almostdonescreen -->
  <testcase classname="testclass.SignupTest" name="Almostdonescreen" time="0.0">
    <skipped/>
  </testcase> <!-- Almostdonescreen -->
  <testcase classname="testclass.SignupTest" name="Almostdonescreen" time="0.0">
    <skipped/>
  </testcase> <!-- Almostdonescreen -->
  <testcase classname="testclass.SignupTest" name="Almostdonescreen" time="0.0">
    <skipped/>
  </testcase> <!-- Almostdonescreen -->
  <testcase classname="testclass.SignupTest" name="Almostdonescreen" time="0.0">
    <skipped/>
  </testcase> <!-- Almostdonescreen -->
  <testcase classname="testclass.SignupTest" name="Almostdonescreen" time="0.0">
    <skipped/>
  </testcase> <!-- Almostdonescreen -->
  <testcase classname="testclass.SignupTest" name="Almostdonescreen" time="0.0">
    <skipped/>
  </testcase> <!-- Almostdonescreen -->
  <testcase classname="testclass.SignupTest" name="Almostdonescreen" time="0.0">
    <skipped/>
  </testcase> <!-- Almostdonescreen -->
  <testcase classname="testclass.SignupTest" name="Almostdonescreen" time="0.0">
    <skipped/>
  </testcase> <!-- Almostdonescreen -->
  <testcase classname="testclass.SignupTest" name="Almostdonescreen" time="0.0">
    <skipped/>
  </testcase> <!-- Almostdonescreen -->
  <testcase classname="testclass.SignupTest" name="Almostdonescreen" time="0.0">
    <skipped/>
  </testcase> <!-- Almostdonescreen -->
  <testcase classname="testclass.SignupTest" name="Almostdonescreen" time="0.0">
    <skipped/>
  </testcase> <!-- Almostdonescreen -->
  <testcase classname="testclass.SignupTest" name="Almostdonescreen" time="0.0">
    <skipped/>
  </testcase> <!-- Almostdonescreen -->
  <testcase classname="testclass.SignupTest" name="Almostdonescreen" time="0.0">
    <skipped/>
  </testcase> <!-- Almostdonescreen -->
  <testcase classname="testclass.SignupTest" name="Almostdonescreen" time="0.0">
    <skipped/>
  </testcase> <!-- Almostdonescreen -->
  <testcase classname="testclass.SignupTest" name="Almostdonescreen" time="0.0">
    <skipped/>
  </testcase> <!-- Almostdonescreen -->
  <testcase classname="testclass.SignupTest" name="Almostdonescreen" time="0.0">
    <skipped/>
  </testcase> <!-- Almostdonescreen -->
  <testcase classname="testclass.SignupTest" name="Almostdonescreen" time="0.0">
    <skipped/>
  </testcase> <!-- Almostdonescreen -->
  <testcase classname="testclass.SignupTest" name="Almostdonescreen" time="0.0">
    <skipped/>
  </testcase> <!-- Almostdonescreen -->
  <testcase classname="testclass.SignupTest" name="Almostdonescreen" time="0.0">
    <skipped/>
  </testcase> <!-- Almostdonescreen -->
  <testcase classname="testclass.SignupTest" name="Almostdonescreen" time="0.0">
    <skipped/>
  </testcase> <!-- Almostdonescreen -->
  <testcase classname="testclass.SignupTest" name="Almostdonescreen" time="0.0">
    <skipped/>
  </testcase> <!-- Almostdonescreen -->
  <testcase classname="testclass.SignupTest" name="Almostdonescreen" time="0.0">
    <skipped/>
  </testcase> <!-- Almostdonescreen -->
  <testcase classname="testclass.SignupTest" name="Almostdonescreen" time="0.0">
    <skipped/>
  </testcase> <!-- Almostdonescreen -->
  <testcase classname="testclass.SignupTest" name="Almostdonescreen" time="0.0">
    <skipped/>
  </testcase> <!-- Almostdonescreen -->
  <testcase classname="testclass.SignupTest" name="Almostdonescreen" time="0.0">
    <skipped/>
  </testcase> <!-- Almostdonescreen -->
  <testcase classname="testclass.SignupTest" name="Almostdonescreen" time="0.0">
    <skipped/>
  </testcase> <!-- Almostdonescreen -->
  <testcase classname="testclass.SignupTest" name="Almostdonescreen" time="0.0">
    <skipped/>
  </testcase> <!-- Almostdonescreen -->
  <testcase classname="testclass.SignupTest" name="Almostdonescreen" time="0.0">
    <skipped/>
  </testcase> <!-- Almostdonescreen -->
  <testcase classname="testclass.SignupTest" name="Almostdonescreen" time="0.0">
    <skipped/>
  </testcase> <!-- Almostdonescreen -->
  <testcase classname="testclass.SignupTest" name="Almostdonescreen" time="0.0">
    <skipped/>
  </testcase> <!-- Almostdonescreen -->
  <testcase classname="testclass.SignupTest" name="Almostdonescreen" time="0.0">
    <skipped/>
  </testcase> <!-- Almostdonescreen -->
  <testcase classname="testclass.SignupTest" name="Almostdonescreen" time="0.0">
    <skipped/>
  </testcase> <!-- Almostdonescreen -->
  <testcase classname="testclass.SignupTest" name="Almostdonescreen" time="0.0">
    <skipped/>
  </testcase> <!-- Almostdonescreen -->
  <testcase classname="testclass.SignupTest" name="Almostdonescreen" time="0.0">
    <skipped/>
  </testcase> <!-- Almostdonescreen -->
  <testcase classname="testclass.SignupTest" name="Almostdonescreen" time="0.0">
    <skipped/>
  </testcase> <!-- Almostdonescreen -->
  <testcase classname="testclass.SignupTest" name="Almostdonescreen" time="0.0">
    <skipped/>
  </testcase> <!-- Almostdonescreen -->
  <testcase classname="testclass.SignupTest" name="Almostdonescreen" time="0.0">
    <skipped/>
  </testcase> <!-- Almostdonescreen -->
  <testcase classname="testclass.SignupTest" name="Almostdonescreen" time="0.0">
    <skipped/>
  </testcase> <!-- Almostdonescreen -->
  <testcase classname="testclass.SignupTest" name="Almostdonescreen" time="0.0">
    <skipped/>
  </testcase> <!-- Almostdonescreen -->
  <testcase classname="testclass.SignupTest" name="Almostdonescreen" time="0.0">
    <skipped/>
  </testcase> <!-- Almostdonescreen -->
  <testcase classname="testclass.SignupTest" name="Almostdonescreen" time="0.0">
    <skipped/>
  </testcase> <!-- Almostdonescreen -->
  <testcase classname="testclass.SignupTest" name="Almostdonescreen" time="0.0">
    <skipped/>
  </testcase> <!-- Almostdonescreen -->
  <testcase classname="testclass.SignupTest" name="Almostdonescreen" time="0.0">
    <skipped/>
  </testcase> <!-- Almostdonescreen -->
  <testcase classname="testclass.SignupTest" name="Almostdonescreen" time="0.0">
    <skipped/>
  </testcase> <!-- Almostdonescreen -->
  <testcase classname="testclass.SignupTest" name="Almostdonescreen" time="0.0">
    <skipped/>
  </testcase> <!-- Almostdonescreen -->
  <testcase classname="testclass.SignupTest" name="Almostdonescreen" time="0.0">
    <skipped/>
  </testcase> <!-- Almostdonescreen -->
  <testcase classname="testclass.SignupTest" name="Almostdonescreen" time="0.0">
    <skipped/>
  </testcase> <!-- Almostdonescreen -->
  <testcase classname="testclass.SignupTest" name="Almostdonescreen" time="0.0">
    <skipped/>
  </testcase> <!-- Almostdonescreen -->
  <testcase classname="testclass.SignupTest" name="Almostdonescreen" time="0.0">
    <skipped/>
  </testcase> <!-- Almostdonescreen -->
  <testcase classname="testclass.SignupTest" name="Almostdonescreen" time="0.0">
    <skipped/>
  </testcase> <!-- Almostdonescreen -->
  <testcase classname="testclass.SignupTest" name="Almostdonescreen" time="0.0">
    <skipped/>
  </testcase> <!-- Almostdonescreen -->
  <testcase classname="testclass.SignupTest" name="Almostdonescreen" time="0.0">
    <skipped/>
  </testcase> <!-- Almostdonescreen -->
  <testcase classname="testclass.SignupTest" name="Almostdonescreen" time="0.0">
    <skipped/>
  </testcase> <!-- Almostdonescreen -->
  <testcase classname="testclass.SignupTest" name="Almostdonescreen" time="0.0">
    <skipped/>
  </testcase> <!-- Almostdonescreen -->
  <testcase classname="testclass.SignupTest" name="Almostdonescreen" time="0.0">
    <skipped/>
  </testcase> <!-- Almostdonescreen -->
  <testcase classname="testclass.SignupTest" name="Almostdonescreen" time="0.0">
    <skipped/>
  </testcase> <!-- Almostdonescreen -->
  <testcase classname="testclass.SignupTest" name="Almostdonescreen" time="0.0">
    <skipped/>
  </testcase> <!-- Almostdonescreen -->
  <testcase classname="testclass.SignupTest" name="Almostdonescreen" time="0.0">
    <skipped/>
  </testcase> <!-- Almostdonescreen -->
  <testcase classname="testclass.SignupTest" name="Almostdonescreen" time="0.0">
    <skipped/>
  </testcase> <!-- Almostdonescreen -->
  <testcase classname="testclass.SignupTest" name="Almostdonescreen" time="0.0">
    <skipped/>
  </testcase> <!-- Almostdonescreen -->
  <testcase classname="testclass.SignupTest" name="Almostdonescreen" time="0.0">
    <skipped/>
  </testcase> <!-- Almostdonescreen -->
  <testcase classname="testclass.SignupTest" name="Almostdonescreen" time="0.0">
    <skipped/>
  </testcase> <!-- Almostdonescreen -->
  <testcase classname="testclass.SignupTest" name="Almostdonescreen" time="0.0">
    <skipped/>
  </testcase> <!-- Almostdonescreen -->
  <testcase classname="testclass.SignupTest" name="Almostdonescreen" time="0.0">
    <skipped/>
  </testcase> <!-- Almostdonescreen -->
  <testcase classname="testclass.SignupTest" name="Almostdonescreen" time="0.0">
    <skipped/>
  </testcase> <!-- Almostdonescreen -->
  <testcase classname="testclass.SignupTest" name="Almostdonescreen" time="0.0">
    <skipped/>
  </testcase> <!-- Almostdonescreen -->
  <testcase classname="testclass.SignupTest" name="Almostdonescreen" time="0.0">
    <skipped/>
  </testcase> <!-- Almostdonescreen -->
  <testcase classname="testclass.SignupTest" name="Almostdonescreen" time="0.0">
    <skipped/>
  </testcase> <!-- Almostdonescreen -->
  <testcase classname="testclass.SignupTest" name="Almostdonescreen" time="0.0">
    <skipped/>
  </testcase> <!-- Almostdonescreen -->
  <testcase classname="testclass.SignupTest" name="Almostdonescreen" time="0.0">
    <skipped/>
  </testcase> <!-- Almostdonescreen -->
  <testcase classname="testclass.SignupTest" name="Almostdonescreen" time="0.0">
    <skipped/>
  </testcase> <!-- Almostdonescreen -->
  <testcase classname="testclass.SignupTest" name="Almostdonescreen" time="0.0">
    <skipped/>
  </testcase> <!-- Almostdonescreen -->
  <testcase classname="testclass.SignupTest" name="Almostdonescreen" time="0.0">
    <skipped/>
  </testcase> <!-- Almostdonescreen -->
  <testcase classname="testclass.SignupTest" name="Almostdonescreen" time="0.0">
    <skipped/>
  </testcase> <!-- Almostdonescreen -->
  <testcase classname="testclass.SignupTest" name="Almostdonescreen" time="0.0">
    <skipped/>
  </testcase> <!-- Almostdonescreen -->
  <testcase classname="testclass.SignupTest" name="Almostdonescreen" time="0.0">
    <skipped/>
  </testcase> <!-- Almostdonescreen -->
  <testcase classname="testclass.SignupTest" name="Almostdonescreen" time="0.0">
    <skipped/>
  </testcase> <!-- Almostdonescreen -->
  <testcase classname="testclass.SignupTest" name="Almostdonescreen" time="0.0">
    <skipped/>
  </testcase> <!-- Almostdonescreen -->
  <testcase classname="testclass.SignupTest" name="Almostdonescreen" time="0.0">
    <skipped/>
  </testcase> <!-- Almostdonescreen -->
  <testcase classname="testclass.SignupTest" name="Almostdonescreen" time="0.0">
    <skipped/>
  </testcase> <!-- Almostdonescreen -->
  <testcase classname="testclass.SignupTest" name="Almostdonescreen" time="0.0">
    <skipped/>
  </testcase> <!-- Almostdonescreen -->
  <testcase classname="testclass.SignupTest" name="Almostdonescreen" time="0.0">
    <skipped/>
  </testcase> <!-- Almostdonescreen -->
  <testcase classname="testclass.SignupTest" name="Almostdonescreen" time="0.0">
    <skipped/>
  </testcase> <!-- Almostdonescreen -->
  <testcase classname="testclass.SignupTest" name="Almostdonescreen" time="0.0">
    <skipped/>
  </testcase> <!-- Almostdonescreen -->
  <testcase classname="testclass.SignupTest" name="Almostdonescreen" time="0.0">
    <skipped/>
  </testcase> <!-- Almostdonescreen -->
  <testcase classname="testclass.SignupTest" name="Almostdonescreen" time="0.0">
    <skipped/>
  </testcase> <!-- Almostdonescreen -->
  <testcase classname="testclass.SignupTest" name="Almostdonescreen" time="0.0">
    <skipped/>
  </testcase> <!-- Almostdonescreen -->
  <testcase classname="testclass.SignupTest" name="Almostdonescreen" time="0.0">
    <skipped/>
  </testcase> <!-- Almostdonescreen -->
  <testcase classname="testclass.SignupTest" name="Almostdonescreen" time="0.0">
    <skipped/>
  </testcase> <!-- Almostdonescreen -->
  <testcase classname="testclass.SignupTest" name="Almostdonescreen" time="0.0">
    <skipped/>
  </testcase> <!-- Almostdonescreen -->
  <testcase classname="testclass.SignupTest" name="Almostdonescreen" time="0.0">
    <skipped/>
  </testcase> <!-- Almostdonescreen -->
  <testcase classname="testclass.SignupTest" name="Almostdonescreen" time="0.0">
    <skipped/>
  </testcase> <!-- Almostdonescreen -->
  <testcase classname="testclass.SignupTest" name="Almostdonescreen" time="0.0">
    <skipped/>
  </testcase> <!-- Almostdonescreen -->
  <testcase classname="testclass.SignupTest" name="Almostdonescreen" time="0.0">
    <skipped/>
  </testcase> <!-- Almostdonescreen -->
  <testcase classname="testclass.SignupTest" name="Almostdonescreen" time="0.0">
    <skipped/>
  </testcase> <!-- Almostdonescreen -->
  <testcase classname="testclass.SignupTest" name="Almostdonescreen" time="0.0">
    <skipped/>
  </testcase> <!-- Almostdonescreen -->
  <testcase classname="testclass.SignupTest" name="Almostdonescreen" time="0.0">
    <skipped/>
  </testcase> <!-- Almostdonescreen -->
  <testcase classname="testclass.SignupTest" name="Almostdonescreen" time="0.0">
    <skipped/>
  </testcase> <!-- Almostdonescreen -->
  <testcase classname="testclass.SignupTest" name="Almostdonescreen" time="0.0">
    <skipped/>
  </testcase> <!-- Almostdonescreen -->
  <testcase classname="testclass.SignupTest" name="Almostdonescreen" time="0.0">
    <skipped/>
  </testcase> <!-- Almostdonescreen -->
  <testcase classname="testclass.SignupTest" name="GoToProfile" time="0.0">
    <skipped/>
  </testcase> <!-- GoToProfile -->
  <testcase classname="testclass.SignupTest" name="forgotpassword" time="0.0">
    <ignored/>
  </testcase> <!-- forgotpassword -->
</testsuite> <!-- TestLoginSignup -->
