<?xml version="1.0" encoding="UTF-8"?>
<testng-results ignored="0" total="0" passed="0" failed="0" skipped="0">
  <reporter-output>
  </reporter-output>
  <suite started-at="2020-02-01T17:06:38 IST" name="com.myteam11.web.MyteamHome.AppTest" finished-at="2020-02-01T17:06:38 IST" duration-ms="0">
    <groups>
    </groups>
    <test started-at="2020-02-01T17:06:38 IST" name="Command line test" finished-at="2020-02-01T17:06:38 IST" duration-ms="0">
    </test> <!-- Command line test -->
  </suite> <!-- com.myteam11.web.MyteamHome.AppTest -->
</testng-results>
