<?xml version="1.0" encoding="UTF-8"?>
<testng-results ignored="6" total="9" passed="3" failed="0" skipped="0">
  <reporter-output>
  </reporter-output>
  <suite started-at="2020-02-03T18:09:03 IST" name="Default suite" finished-at="2020-02-03T18:09:41 IST" duration-ms="38015">
    <groups>
    </groups>
    <test started-at="2020-02-03T18:09:03 IST" name="Default test" finished-at="2020-02-03T18:09:41 IST" duration-ms="38015">
      <class name="testclass.JoinLeagueTest">
        <test-method is-config="true" signature="callbrowser()[pri:0, instance:testclass.JoinLeagueTest@4550bb58]" started-at="2020-02-03T18:09:03 IST" name="callbrowser" finished-at="2020-02-03T18:09:16 IST" duration-ms="12215" status="PASS">
          <reporter-output>
          </reporter-output>
        </test-method> <!-- callbrowser -->
        <test-method signature="loginToPortal(java.lang.String, java.lang.String)[pri:1, instance:testclass.JoinLeagueTest@4550bb58]" started-at="2020-02-03T18:09:16 IST" name="loginToPortal" data-provider="Login" finished-at="2020-02-03T18:09:25 IST" duration-ms="9483" status="PASS">
          <params>
            <param index="0">
              <value>
                <![CDATA[bhola.myteam11@gmail.com]]>
              </value>
            </param>
            <param index="1">
              <value>
                <![CDATA[b@12345678]]>
              </value>
            </param>
          </params>
          <reporter-output>
          </reporter-output>
        </test-method> <!-- loginToPortal -->
        <test-method signature="select_A_Match()[pri:2, instance:testclass.JoinLeagueTest@4550bb58]" started-at="2020-02-03T18:09:25 IST" name="select_A_Match" finished-at="2020-02-03T18:09:28 IST" duration-ms="3403" status="PASS">
          <reporter-output>
          </reporter-output>
        </test-method> <!-- select_A_Match -->
        <test-method signature="join_league_Less_Than_100Member()[pri:7, instance:testclass.JoinLeagueTest@4550bb58]" started-at="2020-02-03T18:09:28 IST" name="join_league_Less_Than_100Member" finished-at="2020-02-03T18:09:41 IST" duration-ms="12873" status="PASS">
          <reporter-output>
          </reporter-output>
        </test-method> <!-- join_league_Less_Than_100Member -->
      </class> <!-- testclass.JoinLeagueTest -->
    </test> <!-- Default test -->
  </suite> <!-- Default suite -->
</testng-results>
